# JRE version: Java(TM) SE Runtime Environment (8.0_191-b12) (build 1.8.0_191-b12)
# Java VM: Java HotSpot(TM) 64-Bit Server VM (25.191-b12 mixed mode bsd-amd64 compressed oops)
Heap:
 PSYoungGen      total 22016K, used 8612K [0x00000007aab00000, 0x00000007ad480000, 0x00000007c0000000)
  eden space 13824K, 3% used [0x00000007aab00000,0x00000007aab6b9d0,0x00000007ab880000)
  from space 8192K, 99% used [0x00000007ab880000,0x00000007ac07d668,0x00000007ac080000)
  to   space 14336K, 0% used [0x00000007ac680000,0x00000007ac680000,0x00000007ad480000)
 ParOldGen       total 44032K, used 25010K [0x0000000780000000, 0x0000000782b00000, 0x00000007aab00000)
  object space 44032K, 56% used [0x0000000780000000,0x000000078186c8b8,0x0000000782b00000)
 Metaspace       used 17428K, capacity 17900K, committed 18048K, reserved 1064960K
  class space    used 2231K, capacity 2362K, committed 2432K, reserved 1048576K
GC Heap History (10 events):
Event: 788.687 GC heap before
{Heap before GC invocations=3 (full 0):
 PSYoungGen      total 18944K, used 18944K [0x00000007aab00000, 0x00000007ac000000, 0x00000007c0000000)
  eden space 16384K, 100% used [0x00000007aab00000,0x00000007abb00000,0x00000007abb00000)
  from space 2560K, 100% used [0x00000007abd80000,0x00000007ac000000,0x00000007ac000000)
  to   space 2560K, 0% used [0x00000007abb00000,0x00000007abb00000,0x00000007abd80000)
 ParOldGen       total 44032K, used 3761K [0x0000000780000000, 0x0000000782b00000, 0x00000007aab00000)
  object space 44032K, 8% used [0x0000000780000000,0x00000007803ac6d0,0x0000000782b00000)
 Metaspace       used 16541K, capacity 17000K, committed 17152K, reserved 1064960K
  class space    used 2165K, capacity 2298K, committed 2304K, reserved 1048576K
Event: 788.699 GC heap after
Heap after GC invocations=3 (full 0):
 PSYoungGen      total 18944K, used 2544K [0x00000007aab00000, 0x00000007ac000000, 0x00000007c0000000)
  eden space 16384K, 0% used [0x00000007aab00000,0x00000007aab00000,0x00000007abb00000)
  from space 2560K, 99% used [0x00000007abb00000,0x00000007abd7c010,0x00000007abd80000)
  to   space 2560K, 0% used [0x00000007abd80000,0x00000007abd80000,0x00000007ac000000)
 ParOldGen       total 44032K, used 10502K [0x0000000780000000, 0x0000000782b00000, 0x00000007aab00000)
  object space 44032K, 23% used [0x0000000780000000,0x0000000780a41a08,0x0000000782b00000)
 Metaspace       used 16541K, capacity 17000K, committed 17152K, reserved 1064960K
  class space    used 2165K, capacity 2298K, committed 2304K, reserved 1048576K
}
Event: 990.349 GC heap before
{Heap before GC invocations=4 (full 0):
 PSYoungGen      total 18944K, used 18928K [0x00000007aab00000, 0x00000007ac000000, 0x00000007c0000000)
  eden space 16384K, 100% used [0x00000007aab00000,0x00000007abb00000,0x00000007abb00000)
  from space 2560K, 99% used [0x00000007abb00000,0x00000007abd7c010,0x00000007abd80000)
  to   space 2560K, 0% used [0x00000007abd80000,0x00000007abd80000,0x00000007ac000000)
 ParOldGen       total 44032K, used 10502K [0x0000000780000000, 0x0000000782b00000, 0x00000007aab00000)
  object space 44032K, 23% used [0x0000000780000000,0x0000000780a41a08,0x0000000782b00000)
 Metaspace       used 16999K, capacity 17484K, committed 17792K, reserved 1064960K
  class space    used 2200K, capacity 2330K, committed 2432K, reserved 1048576K
Event: 990.359 GC heap after
Heap after GC invocations=4 (full 0):
 PSYoungGen      total 18944K, used 2535K [0x00000007aab00000, 0x00000007ac000000, 0x00000007c0000000)
  eden space 16384K, 0% used [0x00000007aab00000,0x00000007aab00000,0x00000007abb00000)
  from space 2560K, 99% used [0x00000007abd80000,0x00000007abff9e40,0x00000007ac000000)
  to   space 2560K, 0% used [0x00000007abb00000,0x00000007abb00000,0x00000007abd80000)
 ParOldGen       total 44032K, used 15095K [0x0000000780000000, 0x0000000782b00000, 0x00000007aab00000)
  object space 44032K, 34% used [0x0000000780000000,0x0000000780ebded0,0x0000000782b00000)
 Metaspace       used 16999K, capacity 17484K, committed 17792K, reserved 1064960K
  class space    used 2200K, capacity 2330K, committed 2432K, reserved 1048576K
}
Event: 1035.977 GC heap before
{Heap before GC invocations=5 (full 0):
 PSYoungGen      total 18944K, used 18919K [0x00000007aab00000, 0x00000007ac000000, 0x00000007c0000000)
  eden space 16384K, 100% used [0x00000007aab00000,0x00000007abb00000,0x00000007abb00000)
  from space 2560K, 99% used [0x00000007abd80000,0x00000007abff9e40,0x00000007ac000000)
  to   space 2560K, 0% used [0x00000007abb00000,0x00000007abb00000,0x00000007abd80000)
 ParOldGen       total 44032K, used 15095K [0x0000000780000000, 0x0000000782b00000, 0x00000007aab00000)
  object space 44032K, 34% used [0x0000000780000000,0x0000000780ebded0,0x0000000782b00000)
 Metaspace       used 17201K, capacity 17676K, committed 17792K, reserved 1064960K
  class space    used 2206K, capacity 2330K, committed 2432K, reserved 1048576K
Event: 1035.991 GC heap after
Heap after GC invocations=5 (full 0):
 PSYoungGen      total 18944K, used 2541K [0x00000007aab00000, 0x00000007ad400000, 0x00000007c0000000)
  eden space 16384K, 0% used [0x00000007aab00000,0x00000007aab00000,0x00000007abb00000)
  from space 2560K, 99% used [0x00000007abb00000,0x00000007abd7b468,0x00000007abd80000)
  to   space 12800K, 0% used [0x00000007ac780000,0x00000007ac780000,0x00000007ad400000)
 ParOldGen       total 44032K, used 23094K [0x0000000780000000, 0x0000000782b00000, 0x00000007aab00000)
  object space 44032K, 52% used [0x0000000780000000,0x000000078168db20,0x0000000782b00000)
 Metaspace       used 17201K, capacity 17676K, committed 17792K, reserved 1064960K
  class space    used 2206K, capacity 2330K, committed 2432K, reserved 1048576K
}
Event: 1045.222 GC heap before
{Heap before GC invocations=6 (full 0):
 PSYoungGen      total 18944K, used 18925K [0x00000007aab00000, 0x00000007ad400000, 0x00000007c0000000)
  eden space 16384K, 100% used [0x00000007aab00000,0x00000007abb00000,0x00000007abb00000)
  from space 2560K, 99% used [0x00000007abb00000,0x00000007abd7b468,0x00000007abd80000)
  to   space 12800K, 0% used [0x00000007ac780000,0x00000007ac780000,0x00000007ad400000)
 ParOldGen       total 44032K, used 23094K [0x0000000780000000, 0x0000000782b00000, 0x00000007aab00000)
  object space 44032K, 52% used [0x0000000780000000,0x000000078168db20,0x0000000782b00000)
 Metaspace       used 17312K, capacity 17772K, committed 18048K, reserved 1064960K
  class space    used 2225K, capacity 2362K, committed 2432K, reserved 1048576K
Event: 1045.244 GC heap after
Heap after GC invocations=6 (full 0):
 PSYoungGen      total 26624K, used 12790K [0x00000007aab00000, 0x00000007ad900000, 0x00000007c0000000)
  eden space 13824K, 0% used [0x00000007aab00000,0x00000007aab00000,0x00000007ab880000)
  from space 12800K, 99% used [0x00000007ac780000,0x00000007ad3fda58,0x00000007ad400000)
  to   space 15360K, 0% used [0x00000007ab880000,0x00000007ab880000,0x00000007ac780000)
 ParOldGen       total 44032K, used 23626K [0x0000000780000000, 0x0000000782b00000, 0x00000007aab00000)
  object space 44032K, 53% used [0x0000000780000000,0x0000000781712868,0x0000000782b00000)
 Metaspace       used 17312K, capacity 17772K, committed 18048K, reserved 1064960K
  class space    used 2225K, capacity 2362K, committed 2432K, reserved 1048576K
}
Event: 16904.354 GC heap before
{Heap before GC invocations=7 (full 0):
 PSYoungGen      total 26624K, used 26614K [0x00000007aab00000, 0x00000007ad900000, 0x00000007c0000000)
  eden space 13824K, 100% used [0x00000007aab00000,0x00000007ab880000,0x00000007ab880000)
  from space 12800K, 99% used [0x00000007ac780000,0x00000007ad3fda58,0x00000007ad400000)
  to   space 15360K, 0% used [0x00000007ab880000,0x00000007ab880000,0x00000007ac780000)
 ParOldGen       total 44032K, used 23626K [0x0000000780000000, 0x0000000782b00000, 0x00000007aab00000)
  object space 44032K, 53% used [0x0000000780000000,0x0000000781712868,0x0000000782b00000)
 Metaspace       used 17428K, capacity 17900K, committed 18048K, reserved 1064960K
  class space    used 2231K, capacity 2362K, committed 2432K, reserved 1048576K
Event: 16904.410 GC heap after
Heap after GC invocations=7 (full 0):
 PSYoungGen      total 22016K, used 8181K [0x00000007aab00000, 0x00000007ad480000, 0x00000007c0000000)
  eden space 13824K, 0% used [0x00000007aab00000,0x00000007aab00000,0x00000007ab880000)
  from space 8192K, 99% used [0x00000007ab880000,0x00000007ac07d668,0x00000007ac080000)
  to   space 14336K, 0% used [0x00000007ac680000,0x00000007ac680000,0x00000007ad480000)
 ParOldGen       total 44032K, used 25010K [0x0000000780000000, 0x0000000782b00000, 0x00000007aab00000)
  object space 44032K, 56% used [0x0000000780000000,0x000000078186c8b8,0x0000000782b00000)
 Metaspace       used 17428K, capacity 17900K, committed 18048K, reserved 1064960K
  class space    used 2231K, capacity 2362K, committed 2432K, reserved 1048576K
}

