# JRE version: Java(TM) SE Runtime Environment (11.0.1+13) (build 11.0.1+13-LTS)
# Java VM: Java HotSpot(TM) 64-Bit Server VM (11.0.1+13-LTS, mixed mode, tiered, compressed oops, g1 gc, bsd-amd64)
Heap:
 garbage-first heap   total 65536K, used 34758K [0x00000007c0000000, 0x0000000800000000)
  region size 1024K, 35 young (35840K), 3 survivors (3072K)
 Metaspace       used 15100K, capacity 15450K, committed 15872K, reserved 1062912K
  class space    used 1531K, capacity 1688K, committed 1792K, reserved 1048576K
GC Heap History (10 events):
Event: 4.376 GC heap before
{Heap before GC invocations=0 (full 0):
 garbage-first heap   total 65536K, used 14336K [0x00000007c0000000, 0x0000000800000000)
  region size 1024K, 14 young (14336K), 0 survivors (0K)
 Metaspace       used 12885K, capacity 13268K, committed 13568K, reserved 1060864K
  class space    used 1282K, capacity 1431K, committed 1536K, reserved 1048576K
}
Event: 4.395 GC heap after
{Heap after GC invocations=1 (full 0):
 garbage-first heap   total 65536K, used 2241K [0x00000007c0000000, 0x0000000800000000)
  region size 1024K, 2 young (2048K), 2 survivors (2048K)
 Metaspace       used 12885K, capacity 13268K, committed 13568K, reserved 1060864K
  class space    used 1282K, capacity 1431K, committed 1536K, reserved 1048576K
}
Event: 5.904 GC heap before
{Heap before GC invocations=1 (full 0):
 garbage-first heap   total 65536K, used 39105K [0x00000007c0000000, 0x0000000800000000)
  region size 1024K, 38 young (38912K), 2 survivors (2048K)
 Metaspace       used 13945K, capacity 14324K, committed 14720K, reserved 1062912K
  class space    used 1422K, capacity 1591K, committed 1664K, reserved 1048576K
}
Event: 5.927 GC heap after
{Heap after GC invocations=2 (full 0):
 garbage-first heap   total 65536K, used 2764K [0x00000007c0000000, 0x0000000800000000)
  region size 1024K, 3 young (3072K), 3 survivors (3072K)
 Metaspace       used 13945K, capacity 14324K, committed 14720K, reserved 1062912K
  class space    used 1422K, capacity 1591K, committed 1664K, reserved 1048576K
}
Event: 6.788 GC heap before
{Heap before GC invocations=2 (full 0):
 garbage-first heap   total 65536K, used 38604K [0x00000007c0000000, 0x0000000800000000)
  region size 1024K, 38 young (38912K), 3 survivors (3072K)
 Metaspace       used 14430K, capacity 14772K, committed 14976K, reserved 1062912K
  class space    used 1489K, capacity 1655K, committed 1664K, reserved 1048576K
}
Event: 6.806 GC heap after
{Heap after GC invocations=3 (full 0):
 garbage-first heap   total 65536K, used 2829K [0x00000007c0000000, 0x0000000800000000)
  region size 1024K, 3 young (3072K), 3 survivors (3072K)
 Metaspace       used 14430K, capacity 14772K, committed 14976K, reserved 1062912K
  class space    used 1489K, capacity 1655K, committed 1664K, reserved 1048576K
}
Event: 7.459 GC heap before
{Heap before GC invocations=3 (full 0):
 garbage-first heap   total 65536K, used 38669K [0x00000007c0000000, 0x0000000800000000)
  region size 1024K, 38 young (38912K), 3 survivors (3072K)
 Metaspace       used 14877K, capacity 15226K, committed 15488K, reserved 1062912K
  class space    used 1502K, capacity 1656K, committed 1664K, reserved 1048576K
}
Event: 7.472 GC heap after
{Heap after GC invocations=4 (full 0):
 garbage-first heap   total 65536K, used 2903K [0x00000007c0000000, 0x0000000800000000)
  region size 1024K, 3 young (3072K), 3 survivors (3072K)
 Metaspace       used 14877K, capacity 15226K, committed 15488K, reserved 1062912K
  class space    used 1502K, capacity 1656K, committed 1664K, reserved 1048576K
}
Event: 8.203 GC heap before
{Heap before GC invocations=4 (full 0):
 garbage-first heap   total 65536K, used 38743K [0x00000007c0000000, 0x0000000800000000)
  region size 1024K, 38 young (38912K), 3 survivors (3072K)
 Metaspace       used 15072K, capacity 15386K, committed 15616K, reserved 1062912K
  class space    used 1528K, capacity 1688K, committed 1792K, reserved 1048576K
}
Event: 8.217 GC heap after
{Heap after GC invocations=5 (full 0):
 garbage-first heap   total 65536K, used 3014K [0x00000007c0000000, 0x0000000800000000)
  region size 1024K, 3 young (3072K), 3 survivors (3072K)
 Metaspace       used 15072K, capacity 15386K, committed 15616K, reserved 1062912K
  class space    used 1528K, capacity 1688K, committed 1792K, reserved 1048576K
}

