# JRE version: Java(TM) SE Runtime Environment (8.0_202-b08) (build 1.8.0_202-b08)
# Java VM: Java HotSpot(TM) 64-Bit Server VM (25.202-b08 mixed mode bsd-amd64 compressed oops)
Heap:
 PSYoungGen      total 68096K, used 17341K [0x00000007aab00000, 0x00000007af000000, 0x00000007c0000000)
  eden space 65536K, 23% used [0x00000007aab00000,0x00000007aba4f638,0x00000007aeb00000)
  from space 2560K, 65% used [0x00000007aed80000,0x00000007aef20020,0x00000007af000000)
  to   space 2560K, 0% used [0x00000007aeb00000,0x00000007aeb00000,0x00000007aed80000)
 ParOldGen       total 44032K, used 48K [0x0000000780000000, 0x0000000782b00000, 0x00000007aab00000)
  object space 44032K, 0% used [0x0000000780000000,0x000000078000c000,0x0000000782b00000)
 Metaspace       used 11328K, capacity 11540K, committed 11904K, reserved 1060864K
  class space    used 1260K, capacity 1351K, committed 1408K, reserved 1048576K
GC Heap History (10 events):
Event: 1.424 GC heap before
{Heap before GC invocations=2 (full 0):
 PSYoungGen      total 18944K, used 18061K [0x00000007aab00000, 0x00000007ac000000, 0x00000007c0000000)
  eden space 16384K, 100% used [0x00000007aab00000,0x00000007abb00000,0x00000007abb00000)
  from space 2560K, 65% used [0x00000007abb00000,0x00000007abca3478,0x00000007abd80000)
  to   space 2560K, 0% used [0x00000007abd80000,0x00000007abd80000,0x00000007ac000000)
 ParOldGen       total 44032K, used 8K [0x0000000780000000, 0x0000000782b00000, 0x00000007aab00000)
  object space 44032K, 0% used [0x0000000780000000,0x0000000780002000,0x0000000782b00000)
 Metaspace       used 10607K, capacity 10766K, committed 11136K, reserved 1058816K
  class space    used 1214K, capacity 1286K, committed 1408K, reserved 1048576K
Event: 1.428 GC heap after
Heap after GC invocations=2 (full 0):
 PSYoungGen      total 18944K, used 2400K [0x00000007aab00000, 0x00000007ac000000, 0x00000007c0000000)
  eden space 16384K, 0% used [0x00000007aab00000,0x00000007aab00000,0x00000007abb00000)
  from space 2560K, 93% used [0x00000007abd80000,0x00000007abfd8000,0x00000007ac000000)
  to   space 2560K, 0% used [0x00000007abb00000,0x00000007abb00000,0x00000007abd80000)
 ParOldGen       total 44032K, used 16K [0x0000000780000000, 0x0000000782b00000, 0x00000007aab00000)
  object space 44032K, 0% used [0x0000000780000000,0x0000000780004000,0x0000000782b00000)
 Metaspace       used 10607K, capacity 10766K, committed 11136K, reserved 1058816K
  class space    used 1214K, capacity 1286K, committed 1408K, reserved 1048576K
}
Event: 1.518 GC heap before
{Heap before GC invocations=3 (full 0):
 PSYoungGen      total 18944K, used 18784K [0x00000007aab00000, 0x00000007ac000000, 0x00000007c0000000)
  eden space 16384K, 100% used [0x00000007aab00000,0x00000007abb00000,0x00000007abb00000)
  from space 2560K, 93% used [0x00000007abd80000,0x00000007abfd8000,0x00000007ac000000)
  to   space 2560K, 0% used [0x00000007abb00000,0x00000007abb00000,0x00000007abd80000)
 ParOldGen       total 44032K, used 16K [0x0000000780000000, 0x0000000782b00000, 0x00000007aab00000)
  object space 44032K, 0% used [0x0000000780000000,0x0000000780004000,0x0000000782b00000)
 Metaspace       used 10643K, capacity 10862K, committed 11136K, reserved 1058816K
  class space    used 1215K, capacity 1318K, committed 1408K, reserved 1048576K
Event: 1.520 GC heap after
Heap after GC invocations=3 (full 0):
 PSYoungGen      total 18944K, used 1600K [0x00000007aab00000, 0x00000007ad000000, 0x00000007c0000000)
  eden space 16384K, 0% used [0x00000007aab00000,0x00000007aab00000,0x00000007abb00000)
  from space 2560K, 62% used [0x00000007abb00000,0x00000007abc90000,0x00000007abd80000)
  to   space 2560K, 0% used [0x00000007acd80000,0x00000007acd80000,0x00000007ad000000)
 ParOldGen       total 44032K, used 24K [0x0000000780000000, 0x0000000782b00000, 0x00000007aab00000)
  object space 44032K, 0% used [0x0000000780000000,0x0000000780006000,0x0000000782b00000)
 Metaspace       used 10643K, capacity 10862K, committed 11136K, reserved 1058816K
  class space    used 1215K, capacity 1318K, committed 1408K, reserved 1048576K
}
Event: 1.600 GC heap before
{Heap before GC invocations=4 (full 0):
 PSYoungGen      total 18944K, used 17984K [0x00000007aab00000, 0x00000007ad000000, 0x00000007c0000000)
  eden space 16384K, 100% used [0x00000007aab00000,0x00000007abb00000,0x00000007abb00000)
  from space 2560K, 62% used [0x00000007abb00000,0x00000007abc90000,0x00000007abd80000)
  to   space 2560K, 0% used [0x00000007acd80000,0x00000007acd80000,0x00000007ad000000)
 ParOldGen       total 44032K, used 24K [0x0000000780000000, 0x0000000782b00000, 0x00000007aab00000)
  object space 44032K, 0% used [0x0000000780000000,0x0000000780006000,0x0000000782b00000)
 Metaspace       used 10670K, capacity 10862K, committed 11136K, reserved 1058816K
  class space    used 1216K, capacity 1318K, committed 1408K, reserved 1048576K
Event: 1.603 GC heap after
Heap after GC invocations=4 (full 0):
 PSYoungGen      total 35328K, used 1584K [0x00000007aab00000, 0x00000007ad000000, 0x00000007c0000000)
  eden space 32768K, 0% used [0x00000007aab00000,0x00000007aab00000,0x00000007acb00000)
  from space 2560K, 61% used [0x00000007acd80000,0x00000007acf0c010,0x00000007ad000000)
  to   space 2560K, 0% used [0x00000007acb00000,0x00000007acb00000,0x00000007acd80000)
 ParOldGen       total 44032K, used 32K [0x0000000780000000, 0x0000000782b00000, 0x00000007aab00000)
  object space 44032K, 0% used [0x0000000780000000,0x0000000780008000,0x0000000782b00000)
 Metaspace       used 10670K, capacity 10862K, committed 11136K, reserved 1058816K
  class space    used 1216K, capacity 1318K, committed 1408K, reserved 1048576K
}
Event: 1.794 GC heap before
{Heap before GC invocations=5 (full 0):
 PSYoungGen      total 35328K, used 34352K [0x00000007aab00000, 0x00000007ad000000, 0x00000007c0000000)
  eden space 32768K, 100% used [0x00000007aab00000,0x00000007acb00000,0x00000007acb00000)
  from space 2560K, 61% used [0x00000007acd80000,0x00000007acf0c010,0x00000007ad000000)
  to   space 2560K, 0% used [0x00000007acb00000,0x00000007acb00000,0x00000007acd80000)
 ParOldGen       total 44032K, used 32K [0x0000000780000000, 0x0000000782b00000, 0x00000007aab00000)
  object space 44032K, 0% used [0x0000000780000000,0x0000000780008000,0x0000000782b00000)
 Metaspace       used 11242K, capacity 11380K, committed 11648K, reserved 1058816K
  class space    used 1252K, capacity 1319K, committed 1408K, reserved 1048576K
Event: 1.797 GC heap after
Heap after GC invocations=5 (full 0):
 PSYoungGen      total 35328K, used 1760K [0x00000007aab00000, 0x00000007af000000, 0x00000007c0000000)
  eden space 32768K, 0% used [0x00000007aab00000,0x00000007aab00000,0x00000007acb00000)
  from space 2560K, 68% used [0x00000007acb00000,0x00000007accb8020,0x00000007acd80000)
  to   space 2560K, 0% used [0x00000007aed80000,0x00000007aed80000,0x00000007af000000)
 ParOldGen       total 44032K, used 40K [0x0000000780000000, 0x0000000782b00000, 0x00000007aab00000)
  object space 44032K, 0% used [0x0000000780000000,0x000000078000a000,0x0000000782b00000)
 Metaspace       used 11242K, capacity 11380K, committed 11648K, reserved 1058816K
  class space    used 1252K, capacity 1319K, committed 1408K, reserved 1048576K
}
Event: 1.906 GC heap before
{Heap before GC invocations=6 (full 0):
 PSYoungGen      total 35328K, used 34528K [0x00000007aab00000, 0x00000007af000000, 0x00000007c0000000)
  eden space 32768K, 100% used [0x00000007aab00000,0x00000007acb00000,0x00000007acb00000)
  from space 2560K, 68% used [0x00000007acb00000,0x00000007accb8020,0x00000007acd80000)
  to   space 2560K, 0% used [0x00000007aed80000,0x00000007aed80000,0x00000007af000000)
 ParOldGen       total 44032K, used 40K [0x0000000780000000, 0x0000000782b00000, 0x00000007aab00000)
  object space 44032K, 0% used [0x0000000780000000,0x000000078000a000,0x0000000782b00000)
 Metaspace       used 11293K, capacity 11540K, committed 11904K, reserved 1060864K
  class space    used 1255K, capacity 1351K, committed 1408K, reserved 1048576K
Event: 1.909 GC heap after
Heap after GC invocations=6 (full 0):
 PSYoungGen      total 68096K, used 1664K [0x00000007aab00000, 0x00000007af000000, 0x00000007c0000000)
  eden space 65536K, 0% used [0x00000007aab00000,0x00000007aab00000,0x00000007aeb00000)
  from space 2560K, 65% used [0x00000007aed80000,0x00000007aef20020,0x00000007af000000)
  to   space 2560K, 0% used [0x00000007aeb00000,0x00000007aeb00000,0x00000007aed80000)
 ParOldGen       total 44032K, used 48K [0x0000000780000000, 0x0000000782b00000, 0x00000007aab00000)
  object space 44032K, 0% used [0x0000000780000000,0x000000078000c000,0x0000000782b00000)
 Metaspace       used 11293K, capacity 11540K, committed 11904K, reserved 1060864K
  class space    used 1255K, capacity 1351K, committed 1408K, reserved 1048576K
}

