# JRE version: Java(TM) SE Runtime Environment (8.0_202-b08) (build 1.8.0_202-b08)
# Java VM: Java HotSpot(TM) 64-Bit Server VM (25.202-b08 mixed mode bsd-amd64 compressed oops)
Heap:
 PSYoungGen      total 18944K, used 15004K [0x00000007aab00000, 0x00000007ace00000, 0x00000007c0000000)
  eden space 16896K, 83% used [0x00000007aab00000,0x00000007ab8cf2e8,0x00000007abb80000)
  from space 2048K, 42% used [0x00000007abd00000,0x00000007abdd8000,0x00000007abf00000)
  to   space 1536K, 0% used [0x00000007abb80000,0x00000007abb80000,0x00000007abd00000)
 ParOldGen       total 44032K, used 48K [0x0000000780000000, 0x0000000782b00000, 0x00000007aab00000)
  object space 44032K, 0% used [0x0000000780000000,0x000000078000c000,0x0000000782b00000)
 Metaspace       used 6449K, capacity 7226K, committed 7424K, reserved 1056768K
  class space    used 661K, capacity 685K, committed 768K, reserved 1048576K
GC Heap History (10 events):
Event: 0.721 GC heap before
{Heap before GC invocations=2 (full 0):
 PSYoungGen      total 18944K, used 17277K [0x00000007aab00000, 0x00000007ac000000, 0x00000007c0000000)
  eden space 16384K, 100% used [0x00000007aab00000,0x00000007abb00000,0x00000007abb00000)
  from space 2560K, 34% used [0x00000007abb00000,0x00000007abbdf488,0x00000007abd80000)
  to   space 2560K, 0% used [0x00000007abd80000,0x00000007abd80000,0x00000007ac000000)
 ParOldGen       total 44032K, used 8K [0x0000000780000000, 0x0000000782b00000, 0x00000007aab00000)
  object space 44032K, 0% used [0x0000000780000000,0x0000000780002000,0x0000000782b00000)
 Metaspace       used 5778K, capacity 6676K, committed 6912K, reserved 1056768K
  class space    used 620K, capacity 652K, committed 768K, reserved 1048576K
Event: 0.723 GC heap after
Heap after GC invocations=2 (full 0):
 PSYoungGen      total 18944K, used 1568K [0x00000007aab00000, 0x00000007ac000000, 0x00000007c0000000)
  eden space 16384K, 0% used [0x00000007aab00000,0x00000007aab00000,0x00000007abb00000)
  from space 2560K, 61% used [0x00000007abd80000,0x00000007abf08000,0x00000007ac000000)
  to   space 2560K, 0% used [0x00000007abb00000,0x00000007abb00000,0x00000007abd80000)
 ParOldGen       total 44032K, used 16K [0x0000000780000000, 0x0000000782b00000, 0x00000007aab00000)
  object space 44032K, 0% used [0x0000000780000000,0x0000000780004000,0x0000000782b00000)
 Metaspace       used 5778K, capacity 6676K, committed 6912K, reserved 1056768K
  class space    used 620K, capacity 652K, committed 768K, reserved 1048576K
}
Event: 0.821 GC heap before
{Heap before GC invocations=3 (full 0):
 PSYoungGen      total 18944K, used 17952K [0x00000007aab00000, 0x00000007ac000000, 0x00000007c0000000)
  eden space 16384K, 100% used [0x00000007aab00000,0x00000007abb00000,0x00000007abb00000)
  from space 2560K, 61% used [0x00000007abd80000,0x00000007abf08000,0x00000007ac000000)
  to   space 2560K, 0% used [0x00000007abb00000,0x00000007abb00000,0x00000007abd80000)
 ParOldGen       total 44032K, used 16K [0x0000000780000000, 0x0000000782b00000, 0x00000007aab00000)
  object space 44032K, 0% used [0x0000000780000000,0x0000000780004000,0x0000000782b00000)
 Metaspace       used 5803K, capacity 6708K, committed 6912K, reserved 1056768K
  class space    used 622K, capacity 684K, committed 768K, reserved 1048576K
Event: 0.822 GC heap after
Heap after GC invocations=3 (full 0):
 PSYoungGen      total 18944K, used 768K [0x00000007aab00000, 0x00000007ac000000, 0x00000007c0000000)
  eden space 16384K, 0% used [0x00000007aab00000,0x00000007aab00000,0x00000007abb00000)
  from space 2560K, 30% used [0x00000007abb00000,0x00000007abbc0020,0x00000007abd80000)
  to   space 2560K, 0% used [0x00000007abd80000,0x00000007abd80000,0x00000007ac000000)
 ParOldGen       total 44032K, used 24K [0x0000000780000000, 0x0000000782b00000, 0x00000007aab00000)
  object space 44032K, 0% used [0x0000000780000000,0x0000000780006000,0x0000000782b00000)
 Metaspace       used 5803K, capacity 6708K, committed 6912K, reserved 1056768K
  class space    used 622K, capacity 684K, committed 768K, reserved 1048576K
}
Event: 0.930 GC heap before
{Heap before GC invocations=4 (full 0):
 PSYoungGen      total 18944K, used 17152K [0x00000007aab00000, 0x00000007ac000000, 0x00000007c0000000)
  eden space 16384K, 100% used [0x00000007aab00000,0x00000007abb00000,0x00000007abb00000)
  from space 2560K, 30% used [0x00000007abb00000,0x00000007abbc0020,0x00000007abd80000)
  to   space 2560K, 0% used [0x00000007abd80000,0x00000007abd80000,0x00000007ac000000)
 ParOldGen       total 44032K, used 24K [0x0000000780000000, 0x0000000782b00000, 0x00000007aab00000)
  object space 44032K, 0% used [0x0000000780000000,0x0000000780006000,0x0000000782b00000)
 Metaspace       used 6235K, capacity 7034K, committed 7168K, reserved 1056768K
  class space    used 634K, capacity 685K, committed 768K, reserved 1048576K
Event: 0.931 GC heap after
Heap after GC invocations=4 (full 0):
 PSYoungGen      total 18944K, used 848K [0x00000007aab00000, 0x00000007ac000000, 0x00000007c0000000)
  eden space 16384K, 0% used [0x00000007aab00000,0x00000007aab00000,0x00000007abb00000)
  from space 2560K, 33% used [0x00000007abd80000,0x00000007abe54010,0x00000007ac000000)
  to   space 2560K, 0% used [0x00000007abb00000,0x00000007abb00000,0x00000007abd80000)
 ParOldGen       total 44032K, used 32K [0x0000000780000000, 0x0000000782b00000, 0x00000007aab00000)
  object space 44032K, 0% used [0x0000000780000000,0x0000000780008000,0x0000000782b00000)
 Metaspace       used 6235K, capacity 7034K, committed 7168K, reserved 1056768K
  class space    used 634K, capacity 685K, committed 768K, reserved 1048576K
}
Event: 1.024 GC heap before
{Heap before GC invocations=5 (full 0):
 PSYoungGen      total 18944K, used 17232K [0x00000007aab00000, 0x00000007ac000000, 0x00000007c0000000)
  eden space 16384K, 100% used [0x00000007aab00000,0x00000007abb00000,0x00000007abb00000)
  from space 2560K, 33% used [0x00000007abd80000,0x00000007abe54010,0x00000007ac000000)
  to   space 2560K, 0% used [0x00000007abb00000,0x00000007abb00000,0x00000007abd80000)
 ParOldGen       total 44032K, used 32K [0x0000000780000000, 0x0000000782b00000, 0x00000007aab00000)
  object space 44032K, 0% used [0x0000000780000000,0x0000000780008000,0x0000000782b00000)
 Metaspace       used 6418K, capacity 7162K, committed 7424K, reserved 1056768K
  class space    used 658K, capacity 685K, committed 768K, reserved 1048576K
Event: 1.025 GC heap after
Heap after GC invocations=5 (full 0):
 PSYoungGen      total 17408K, used 928K [0x00000007aab00000, 0x00000007abf00000, 0x00000007c0000000)
  eden space 16384K, 0% used [0x00000007aab00000,0x00000007aab00000,0x00000007abb00000)
  from space 1024K, 90% used [0x00000007abb00000,0x00000007abbe8000,0x00000007abc00000)
  to   space 2048K, 0% used [0x00000007abd00000,0x00000007abd00000,0x00000007abf00000)
 ParOldGen       total 44032K, used 40K [0x0000000780000000, 0x0000000782b00000, 0x00000007aab00000)
  object space 44032K, 0% used [0x0000000780000000,0x000000078000a000,0x0000000782b00000)
 Metaspace       used 6418K, capacity 7162K, committed 7424K, reserved 1056768K
  class space    used 658K, capacity 685K, committed 768K, reserved 1048576K
}
Event: 1.112 GC heap before
{Heap before GC invocations=6 (full 0):
 PSYoungGen      total 17408K, used 17312K [0x00000007aab00000, 0x00000007abf00000, 0x00000007c0000000)
  eden space 16384K, 100% used [0x00000007aab00000,0x00000007abb00000,0x00000007abb00000)
  from space 1024K, 90% used [0x00000007abb00000,0x00000007abbe8000,0x00000007abc00000)
  to   space 2048K, 0% used [0x00000007abd00000,0x00000007abd00000,0x00000007abf00000)
 ParOldGen       total 44032K, used 40K [0x0000000780000000, 0x0000000782b00000, 0x00000007aab00000)
  object space 44032K, 0% used [0x0000000780000000,0x000000078000a000,0x0000000782b00000)
 Metaspace       used 6431K, capacity 7162K, committed 7424K, reserved 1056768K
  class space    used 659K, capacity 685K, committed 768K, reserved 1048576K
Event: 1.113 GC heap after
Heap after GC invocations=6 (full 0):
 PSYoungGen      total 18944K, used 864K [0x00000007aab00000, 0x00000007ace00000, 0x00000007c0000000)
  eden space 16896K, 0% used [0x00000007aab00000,0x00000007aab00000,0x00000007abb80000)
  from space 2048K, 42% used [0x00000007abd00000,0x00000007abdd8000,0x00000007abf00000)
  to   space 1536K, 0% used [0x00000007abb80000,0x00000007abb80000,0x00000007abd00000)
 ParOldGen       total 44032K, used 48K [0x0000000780000000, 0x0000000782b00000, 0x00000007aab00000)
  object space 44032K, 0% used [0x0000000780000000,0x000000078000c000,0x0000000782b00000)
 Metaspace       used 6431K, capacity 7162K, committed 7424K, reserved 1056768K
  class space    used 659K, capacity 685K, committed 768K, reserved 1048576K
}

